<?xml version="1.0"?><coverage lines-covered="54" lines-valid="62" line-rate="0.9130434782608696" branches-covered="0" branches-valid="0" branch-rate="0" complexity="0" version="1.9" timestamp="1576674116"><sources><source>/home/knoldus/Desktop/dialog-box</source></sources><packages><package name="src" line-rate="0.8260869565217391" branch-rate="0" complexity="0"><classes><class name="lib" filename="src/lib.rs" line-rate="0.8260869565217391" branch-rate="0" complexity="0"><methods/><lines><line number="9" hits="1"/><line number="10" hits="1"/><line number="11" hits="1"/><line number="12" hits="1"/><line number="13" hits="1"/><line number="14" hits="0"/><line number="18" hits="1"/><line number="19" hits="1"/><line number="20" hits="1"/><line number="21" hits="1"/><line number="22" hits="1"/><line number="23" hits="0"/><line number="27" hits="1"/><line number="28" hits="1"/><line number="29" hits="1"/><line number="30" hits="1"/><line number="31" hits="1"/><line number="32" hits="0"/><line number="36" hits="1"/><line number="37" hits="1"/><line number="39" hits="1"/><line number="40" hits="1"/><line number="41" hits="0"/><line number="45" hits="1"/><line number="46" hits="1"/><line number="47" hits="1"/><line number="48" hits="1"/><line number="49" hits="1"/><line number="50" hits="0"/><line number="54" hits="1"/><line number="55" hits="1"/><line number="56" hits="1"/><line number="57" hits="1"/><line number="58" hits="1"/><line number="59" hits="0"/><line number="63" hits="1"/><line number="64" hits="1"/><line number="66" hits="1"/><line number="67" hits="1"/><line number="68" hits="0"/><line number="72" hits="1"/><line number="73" hits="1"/><line number="74" hits="1"/><line number="75" hits="1"/><line number="76" hits="1"/><line number="77" hits="0"/></lines></class></classes></package><package name="tests" line-rate="1" branch-rate="0" complexity="0"><classes><class name="lib" filename="tests/lib.rs" line-rate="1" branch-rate="0" complexity="0"><methods/><lines><line number="12" hits="2"/><line number="13" hits="1"/><line number="17" hits="2"/><line number="18" hits="1"/><line number="22" hits="2"/><line number="23" hits="1"/><line number="27" hits="2"/><line number="28" hits="1"/><line number="32" hits="2"/><line number="33" hits="1"/><line number="37" hits="2"/><line number="38" hits="1"/><line number="42" hits="2"/><line number="43" hits="1"/><line number="47" hits="2"/><line number="48" hits="1"/></lines></class></classes></package></packages></coverage>